<?xml version="1.0" encoding="UTF-8"?>
<!-- Generated by org.testng.reporters.JUnitXMLReporter -->
<testsuite ignored="0" hostname="DESKTOP-SQ0ELVT" failures="0" tests="2" name="Error Validation Test" time="13.096" errors="0" timestamp="2025-06-07T11:04:26 IST">
  <testcase classname="SrijitLearning.tests.ErrorValidationsTest" name="LoginErrorValidation" time="2.295"/>
  <testcase classname="SrijitLearning.tests.ErrorValidationsTest" name="ProductErrorValidation" time="2.828"/>
</testsuite> <!-- Error Validation Test -->
