<?xml version="1.0" encoding="UTF-8"?>
<!-- Generated by org.testng.reporters.JUnitXMLReporter -->
<testsuite ignored="0" hostname="DESKTOP-SQ0ELVT" failures="0" tests="2" name="Error Validations Test" time="11.996" errors="0" timestamp="2025-05-27T13:07:55 IST">
  <testcase classname="SrijitLearning.ErrorValidationsTest" name="LoginErrorValidation" time="0.699"/>
  <testcase classname="SrijitLearning.ErrorValidationsTest" name="ProductErrorValidation" time="2.551"/>
</testsuite> <!-- Error Validations Test -->
