<?xml version="1.0" encoding="UTF-8"?>
<!-- Generated by org.testng.reporters.JUnitXMLReporter -->
<testsuite ignored="0" hostname="DESKTOP-SQ0ELVT" failures="0" tests="3" name="Submit Order Test" time="18.499" errors="0" timestamp="2025-06-07T11:04:31 IST">
  <testcase classname="SrijitLearning.tests.SubmitOrderTest" name="submitOrder" time="4.224"/>
  <testcase classname="SrijitLearning.tests.SubmitOrderTest" name="submitOrder" time="3.531"/>
  <testcase classname="SrijitLearning.tests.SubmitOrderTest" name="OrderHistoryTest" time="0.896"/>
</testsuite> <!-- Submit Order Test -->
